<?xml version="1.0" encoding="UTF-8"?>
<testsuite name="applet"
           tests="28"
           failures="1"
           errors="0"
           skipped="0"
           time="8.319">
  <properties />
            <testcase name="test_014_addOrEditLine" time="0.154" classname="testcase.baoLiIBaseData">
                <failure type="java.lang.AssertionError"
                  message="3 expectations failed.
Expected status code &lt;200&gt; but was &lt;403&gt;.

JSON path code doesn&apos;t match.
Expected: &lt;1&gt;
  Actual: 0

JSON path message doesn&apos;t match.
Expected: OK
  Actual: 无权访问
"
              >
<![CDATA[java.lang.AssertionError: 3 expectations failed.
Expected status code <200> but was <403>.

JSON path code doesn't match.
Expected: <1>
  Actual: 0

JSON path message doesn't match.
Expected: OK
  Actual: 无权访问

  sun.reflect.NativeConstructorAccessorImpl.newInstance0(Native Method)
  sun.reflect.NativeConstructorAccessorImpl.newInstance(NativeConstructorAccessorImpl.java:62)
  sun.reflect.DelegatingConstructorAccessorImpl.newInstance(DelegatingConstructorAccessorImpl.java:45)
  java.lang.reflect.Constructor.newInstance(Constructor.java:423)
  org.codehaus.groovy.reflection.CachedConstructor.invoke(CachedConstructor.java:83)
  org.codehaus.groovy.reflection.CachedConstructor.doConstructorInvoke(CachedConstructor.java:77)
  org.codehaus.groovy.runtime.callsite.ConstructorSite$ConstructorSiteNoUnwrap.callConstructor(ConstructorSite.java:84)
  org.codehaus.groovy.runtime.callsite.CallSiteArray.defaultCallConstructor(CallSiteArray.java:59)
  org.codehaus.groovy.runtime.callsite.AbstractCallSite.callConstructor(AbstractCallSite.java:238)
  org.codehaus.groovy.runtime.callsite.AbstractCallSite.callConstructor(AbstractCallSite.java:250)
  io.restassured.internal.ResponseSpecificationImpl$HamcrestAssertionClosure.validate(ResponseSpecificationImpl.groovy:494)
  io.restassured.internal.ResponseSpecificationImpl$HamcrestAssertionClosure$validate$1.call(Unknown Source)
  io.restassured.internal.RequestSpecificationImpl.applyPathParamsAndSendRequest(RequestSpecificationImpl.groovy:1750)
  sun.reflect.NativeMethodAccessorImpl.invoke0(Native Method)
  sun.reflect.NativeMethodAccessorImpl.invoke(NativeMethodAccessorImpl.java:62)
  sun.reflect.DelegatingMethodAccessorImpl.invoke(DelegatingMethodAccessorImpl.java:43)
  java.lang.reflect.Method.invoke(Method.java:498)
  org.codehaus.groovy.reflection.CachedMethod.invoke(CachedMethod.java:98)
  groovy.lang.MetaMethod.doMethodInvoke(MetaMethod.java:325)
  groovy.lang.MetaClassImpl.invokeMethod(MetaClassImpl.java:1225)
  groovy.lang.MetaClassImpl.invokeMethod(MetaClassImpl.java:1034)
  groovy.lang.MetaClassImpl.invokeMethod(MetaClassImpl.java:822)
  io.restassured.internal.RequestSpecificationImpl.invokeMethod(RequestSpecificationImpl.groovy)
  org.codehaus.groovy.runtime.callsite.PogoInterceptableSite.call(PogoInterceptableSite.java:47)
  org.codehaus.groovy.runtime.callsite.PogoInterceptableSite.callCurrent(PogoInterceptableSite.java:57)
  org.codehaus.groovy.runtime.callsite.AbstractCallSite.callCurrent(AbstractCallSite.java:185)
  io.restassured.internal.RequestSpecificationImpl.applyPathParamsAndSendRequest(RequestSpecificationImpl.groovy:1755)
  sun.reflect.NativeMethodAccessorImpl.invoke0(Native Method)
  sun.reflect.NativeMethodAccessorImpl.invoke(NativeMethodAccessorImpl.java:62)
  sun.reflect.DelegatingMethodAccessorImpl.invoke(DelegatingMethodAccessorImpl.java:43)
  java.lang.reflect.Method.invoke(Method.java:498)
  org.codehaus.groovy.reflection.CachedMethod.invoke(CachedMethod.java:98)
  groovy.lang.MetaMethod.doMethodInvoke(MetaMethod.java:325)
  groovy.lang.MetaClassImpl.invokeMethod(MetaClassImpl.java:1225)
  groovy.lang.MetaClassImpl.invokeMethod(MetaClassImpl.java:1034)
  groovy.lang.MetaClassImpl.invokeMethod(MetaClassImpl.java:822)
  io.restassured.internal.RequestSpecificationImpl.invokeMethod(RequestSpecificationImpl.groovy)
  org.codehaus.groovy.runtime.callsite.PogoInterceptableSite.call(PogoInterceptableSite.java:47)
  org.codehaus.groovy.runtime.callsite.PogoInterceptableSite.callCurrent(PogoInterceptableSite.java:57)
  org.codehaus.groovy.runtime.callsite.AbstractCallSite.callCurrent(AbstractCallSite.java:185)
  io.restassured.internal.RequestSpecificationImpl.post(RequestSpecificationImpl.groovy:175)
  io.restassured.internal.RequestSpecificationImpl.post(RequestSpecificationImpl.groovy)
  testcase.BaseTestCase.sendRequest(BaseTestCase.java:101)
  testcase.BaseTestCase.startPerformTest(BaseTestCase.java:163)
  testcase.baoLiIBaseData.test_014_addOrEditLine(baoLiIBaseData.java:254)
  sun.reflect.NativeMethodAccessorImpl.invoke0(Native Method)
  sun.reflect.NativeMethodAccessorImpl.invoke(NativeMethodAccessorImpl.java:62)
  sun.reflect.DelegatingMethodAccessorImpl.invoke(DelegatingMethodAccessorImpl.java:43)
  java.lang.reflect.Method.invoke(Method.java:498)
  org.testng.internal.MethodInvocationHelper.invokeMethod(MethodInvocationHelper.java:124)
  org.testng.internal.Invoker.invokeMethod(Invoker.java:583)
  org.testng.internal.Invoker.invokeTestMethod(Invoker.java:719)
  org.testng.internal.Invoker.invokeTestMethods(Invoker.java:989)
  org.testng.internal.TestMethodWorker.invokeTestMethods(TestMethodWorker.java:125)
  org.testng.internal.TestMethodWorker.run(TestMethodWorker.java:109)
  org.testng.TestRunner.privateRun(TestRunner.java:648)
  org.testng.TestRunner.run(TestRunner.java:505)
  org.testng.SuiteRunner.runTest(SuiteRunner.java:455)
  org.testng.SuiteRunner.runSequentially(SuiteRunner.java:450)
  org.testng.SuiteRunner.privateRun(SuiteRunner.java:415)
  org.testng.SuiteRunner.run(SuiteRunner.java:364)
  org.testng.SuiteRunnerWorker.runSuite(SuiteRunnerWorker.java:52)
  org.testng.SuiteRunnerWorker.run(SuiteRunnerWorker.java:84)
  org.testng.TestNG.runSuitesSequentially(TestNG.java:1208)
  org.testng.TestNG.runSuitesLocally(TestNG.java:1137)
  org.testng.TestNG.runSuites(TestNG.java:1049)
  org.testng.TestNG.run(TestNG.java:1017)
  org.testng.IDEARemoteTestNG.run(IDEARemoteTestNG.java:72)
  org.testng.RemoteTestNGStarter.main(RemoteTestNGStarter.java:123)
]]>
      </failure>

          </testcase>
  
  
            <testcase name="test_010_saveUser" time="0.189" classname="testcase.baoLiIBaseData" />
                <testcase name="test_024_findByPage" time="0.131" classname="testcase.baoLiIBaseData" />
                <testcase name="test_001_saveRole" time="2.321" classname="testcase.baoLiIBaseData" />
                <testcase name="test_017_addOrUpdate" time="0.109" classname="testcase.baoLiIBaseData" />
                <testcase name="test_002_findByPage" time="0.220" classname="testcase.baoLiIBaseData" />
                <testcase name="test_015_addOrUpdate" time="0.132" classname="testcase.baoLiIBaseData" />
                <testcase name="test_027_addOrUpdate" time="0.149" classname="testcase.baoLiIBaseData" />
                <testcase name="test_016_findByPage" time="0.130" classname="testcase.baoLiIBaseData" />
                <testcase name="test_005_addOrUpdate" time="0.188" classname="testcase.baoLiIBaseData" />
                <testcase name="test_023_addOrUpdate" time="0.138" classname="testcase.baoLiIBaseData" />
                <testcase name="test_028_findByPage" time="0.147" classname="testcase.baoLiIBaseData" />
                <testcase name="test_011_findByPage" time="0.487" classname="testcase.baoLiIBaseData" />
                <testcase name="test_013_saveOrEditArea" time="0.234" classname="testcase.baoLiIBaseData" />
                <testcase name="test_006_findByPage" time="0.163" classname="testcase.baoLiIBaseData" />
                <testcase name="test_004_findByPage" time="0.153" classname="testcase.baoLiIBaseData" />
                <testcase name="test_026_findVehicleByPage" time="0.545" classname="testcase.baoLiIBaseData" />
                <testcase name="test_003_addOrUpdate" time="0.374" classname="testcase.baoLiIBaseData" />
                <testcase name="test_019_addOrUpdate" time="0.125" classname="testcase.baoLiIBaseData" />
                <testcase name="test_008_saveUser" time="0.303" classname="testcase.baoLiIBaseData" />
                <testcase name="test_007_findOrganizationTree" time="0.186" classname="testcase.baoLiIBaseData" />
                <testcase name="test_018_findByPage" time="0.161" classname="testcase.baoLiIBaseData" />
                <testcase name="test_012_saveOrEditArea" time="0.252" classname="testcase.baoLiIBaseData" />
                <testcase name="test_009_findByPage" time="0.474" classname="testcase.baoLiIBaseData" />
                <testcase name="test_021_addOrUpdate" time="0.131" classname="testcase.baoLiIBaseData" />
                <testcase name="test_020_findByPage" time="0.165" classname="testcase.baoLiIBaseData" />
                <testcase name="test_022_findByPage" time="0.145" classname="testcase.baoLiIBaseData" />
                <testcase name="test_025_vehicle" time="0.413" classname="testcase.baoLiIBaseData" />
      
</testsuite>
